<?xml version="1.0" encoding="UTF-8"?>
<testsuite name="StylistsTest" tests="3" skipped="0" failures="0" errors="0" timestamp="2016-05-06T16:28:20" hostname="users-MacBook-Pro.local" time="1.337">
  <properties/>
  <testcase name="getName_returnsNameOfStylist_String" classname="StylistsTest" time="1.11"/>
  <testcase name="all_emptyAtFirst" classname="StylistsTest" time="0.215"/>
  <testcase name="stylist_instantiatesCorrectly" classname="StylistsTest" time="0.01"/>
  <system-out><![CDATA[]]></system-out>
  <system-err><![CDATA[]]></system-err>
</testsuite>
