<?xml version="1.0" encoding="UTF-8"?>
<testsuite name="StylistsTest" tests="6" skipped="0" failures="0" errors="0" timestamp="2016-05-06T19:57:55" hostname="users-MacBook-Pro.local" time="0.151">
  <properties/>
  <testcase name="equals_returnsTrueIfBothNamesAreTheSame_True" classname="StylistsTest" time="0.041"/>
  <testcase name="getName_returnsNameOfStylist_String" classname="StylistsTest" time="0.01"/>
  <testcase name="all_emptyAtFirst" classname="StylistsTest" time="0.018"/>
  <testcase name="stylist_instantiatesCorrectly" classname="StylistsTest" time="0.014"/>
  <testcase name="save_savesInstanceToDBWithId_True" classname="StylistsTest" time="0.03"/>
  <testcase name="find_returnsCorrectInstanceOfStylist_True" classname="StylistsTest" time="0.033"/>
  <system-out><![CDATA[]]></system-out>
  <system-err><![CDATA[]]></system-err>
</testsuite>
