<?xml version="1.0" encoding="UTF-8"?>
<testsuite name="ClientTest" tests="6" skipped="0" failures="0" errors="0" timestamp="2016-05-06T19:57:54" hostname="users-MacBook-Pro.local" time="0.642">
  <properties/>
  <testcase name="client_instantiatesCorrectly" classname="ClientTest" time="0.381"/>
  <testcase name="equals_returnsTrueIfBothNamesAreTheSame_True" classname="ClientTest" time="0.009"/>
  <testcase name="find_returnsCorrectInstanceOfClient_True" classname="ClientTest" time="0.183"/>
  <testcase name="all_emptyAtFirst" classname="ClientTest" time="0.017"/>
  <testcase name="getName_returnsNameOfClient_String" classname="ClientTest" time="0.009"/>
  <testcase name="save_savesClients_2" classname="ClientTest" time="0.041"/>
  <system-out><![CDATA[]]></system-out>
  <system-err><![CDATA[]]></system-err>
</testsuite>
