<?xml version="1.0" encoding="UTF-8"?>
<testsuite name="StylistsTest" tests="4" skipped="0" failures="0" errors="0" timestamp="2016-05-06T16:34:21" hostname="users-MacBook-Pro.local" time="0.784">
  <properties/>
  <testcase name="equals_returnsTrueIfBothNamesAreTheSame_True" classname="StylistsTest" time="0.659"/>
  <testcase name="getName_returnsNameOfStylist_String" classname="StylistsTest" time="0.012"/>
  <testcase name="all_emptyAtFirst" classname="StylistsTest" time="0.096"/>
  <testcase name="stylist_instantiatesCorrectly" classname="StylistsTest" time="0.013"/>
  <system-out><![CDATA[]]></system-out>
  <system-err><![CDATA[]]></system-err>
</testsuite>
