<?xml version="1.0" encoding="UTF-8"?>
<testsuite name="ClientTest" tests="1" skipped="0" failures="0" errors="0" timestamp="2016-05-06T17:00:43" hostname="users-MacBook-Pro.local" time="0.76">
  <properties/>
  <testcase name="client_instantiatesCorrectly" classname="ClientTest" time="0.76"/>
  <system-out><![CDATA[]]></system-out>
  <system-err><![CDATA[]]></system-err>
</testsuite>
