<?xml version="1.0" encoding="UTF-8"?>
<testsuite name="StylistsTest" tests="1" skipped="0" failures="0" errors="0" timestamp="2016-05-06T15:50:40" hostname="users-MacBook-Pro.local" time="0.003">
  <properties/>
  <testcase name="stylist_instantiatesCorrectly" classname="StylistsTest" time="0.003"/>
  <system-out><![CDATA[]]></system-out>
  <system-err><![CDATA[]]></system-err>
</testsuite>
